<?xml version="1.0" encoding="UTF-8"?>
<robot generator="Robot 4.1.2 (Python 3.10.0 on win32)" generated="20211209 21:17:34.444" rpa="false" schemaversion="2">
<suite id="s1" name="Mobile" source="F:\Documents\GitHub\belajarRobotFramework-MOBILE\mobile.robot">
<test id="s1-t1" name="Open Node Provider Querying">
<kw name="Start Session" type="SETUP">
<kw name="Open Application" library="AppiumLibrary">
<arg>http://localhost:4723/wd/hub</arg>
<arg>automationName=UiAutomator2</arg>
<arg>platformName=Android</arg>
<arg>deviceName=emulator-5554</arg>
<arg>appPackage=io.appium.android.apis</arg>
<arg>appActivity=io.appium.android.apis.ApiDemos</arg>
<arg>autoGrantPermissions=true</arg>
<arg>noReset=true</arg>
<doc>Opens a new application to given Appium server.
Capabilities of appium server, Android and iOS,
Please check https://github.com/appium/appium/blob/master/docs/en/writing-running-appium/server-args.md
| *Option*            | *Man.* | *Description*     |
| remote_url          | Yes    | Appium server url |
| alias               | no     | alias             |</doc>
<status status="PASS" starttime="20211209 21:17:34.725" endtime="20211209 21:17:41.800"/>
</kw>
<status status="PASS" starttime="20211209 21:17:34.725" endtime="20211209 21:17:41.800"/>
</kw>
<kw name="Tap Accessibilty">
<kw name="Tap" library="AppiumLibrary">
<arg>${accessibility}</arg>
<doc>Tap element identified by ``locator``. </doc>
<status status="PASS" starttime="20211209 21:17:41.801" endtime="20211209 21:17:43.400"/>
</kw>
<status status="PASS" starttime="20211209 21:17:41.801" endtime="20211209 21:17:43.400"/>
</kw>
<kw name="Sleep" library="BuiltIn">
<arg>1</arg>
<doc>Pauses the test executed for the given time.</doc>
<msg timestamp="20211209 21:17:44.406" level="INFO">Slept 1 second</msg>
<status status="PASS" starttime="20211209 21:17:43.400" endtime="20211209 21:17:44.406"/>
</kw>
<kw name="Tap Accessibilty Node Querying">
<kw name="Click Element" library="AppiumLibrary">
<arg>${accesibility_node_querying}</arg>
<doc>Click element identified by `locator`.</doc>
<msg timestamp="20211209 21:17:44.409" level="INFO">Clicking element 'xpath=//android.widget.TextView[@content-desc="Accessibility Node Querying"]'.</msg>
<status status="PASS" starttime="20211209 21:17:44.407" endtime="20211209 21:17:45.312"/>
</kw>
<status status="PASS" starttime="20211209 21:17:44.406" endtime="20211209 21:17:45.312"/>
</kw>
<kw name="Page Should Contain Text" library="AppiumLibrary">
<arg>Take out Trash</arg>
<doc>Verifies that current page contains `text`.</doc>
<msg timestamp="20211209 21:17:45.416" level="INFO">Current page contains text 'Take out Trash'.</msg>
<status status="PASS" starttime="20211209 21:17:45.313" endtime="20211209 21:17:45.416"/>
</kw>
<kw name="Close Application" library="AppiumLibrary" type="TEARDOWN">
<doc>Closes the current application and also close webdriver session.</doc>
<status status="PASS" starttime="20211209 21:17:45.417" endtime="20211209 21:17:45.895"/>
</kw>
<status status="PASS" starttime="20211209 21:17:34.725" endtime="20211209 21:17:45.897"/>
</test>
<status status="PASS" starttime="20211209 21:17:34.446" endtime="20211209 21:17:45.898"/>
</suite>
<statistics>
<total>
<stat pass="1" fail="0" skip="0">All Tests</stat>
</total>
<tag>
</tag>
<suite>
<stat pass="1" fail="0" skip="0" id="s1" name="Mobile">Mobile</stat>
</suite>
</statistics>
<errors>
</errors>
</robot>
